# JRE version: Java(TM) SE Runtime Environment (8.0_91-b14) (build 1.8.0_91-b14)
# Java VM: Java HotSpot(TM) 64-Bit Server VM (25.91-b14 mixed mode linux-amd64 compressed oops)
Heap:
 PSYoungGen      total 216576K, used 47003K [0x00000000eab00000, 0x0000000100000000, 0x0000000100000000)
  eden space 138240K, 0% used [0x00000000eab00000,0x00000000eab00000,0x00000000f3200000)
  from space 78336K, 60% used [0x00000000f3200000,0x00000000f5fe6dd0,0x00000000f7e80000)
  to   space 108544K, 0% used [0x00000000f9600000,0x00000000f9600000,0x0000000100000000)
 ParOldGen       total 173056K, used 172708K [0x00000000c0000000, 0x00000000ca900000, 0x00000000eab00000)
  object space 173056K, 99% used [0x00000000c0000000,0x00000000ca8a9218,0x00000000ca900000)
 Metaspace       used 6074K, capacity 7000K, committed 7168K, reserved 1056768K
  class space    used 610K, capacity 656K, committed 768K, reserved 1048576K
GC Heap History (10 events):
Event: 31.274 GC heap after
Heap after GC invocations=7 (full 1):
 PSYoungGen      total 124416K, used 9636K [0x00000000eab00000, 0x00000000f5e00000, 0x0000000100000000)
  eden space 111616K, 0% used [0x00000000eab00000,0x00000000eab00000,0x00000000f1800000)
  from space 12800K, 75% used [0x00000000f3380000,0x00000000f3ce92b8,0x00000000f4000000)
  to   space 28160K, 0% used [0x00000000f1800000,0x00000000f1800000,0x00000000f3380000)
 ParOldGen       total 88576K, used 43471K [0x00000000c0000000, 0x00000000c5680000, 0x00000000eab00000)
  object space 88576K, 49% used [0x00000000c0000000,0x00000000c2a73e50,0x00000000c5680000)
 Metaspace       used 6063K, capacity 7000K, committed 7168K, reserved 1056768K
  class space    used 609K, capacity 656K, committed 768K, reserved 1048576K
}
Event: 33.086 GC heap before
{Heap before GC invocations=8 (full 1):
 PSYoungGen      total 124416K, used 121252K [0x00000000eab00000, 0x00000000f5e00000, 0x0000000100000000)
  eden space 111616K, 100% used [0x00000000eab00000,0x00000000f1800000,0x00000000f1800000)
  from space 12800K, 75% used [0x00000000f3380000,0x00000000f3ce92b8,0x00000000f4000000)
  to   space 28160K, 0% used [0x00000000f1800000,0x00000000f1800000,0x00000000f3380000)
 ParOldGen       total 88576K, used 43471K [0x00000000c0000000, 0x00000000c5680000, 0x00000000eab00000)
  object space 88576K, 49% used [0x00000000c0000000,0x00000000c2a73e50,0x00000000c5680000)
 Metaspace       used 6073K, capacity 7000K, committed 7168K, reserved 1056768K
  class space    used 610K, capacity 656K, committed 768K, reserved 1048576K
Event: 33.575 GC heap after
Heap after GC invocations=8 (full 1):
 PSYoungGen      total 139776K, used 28146K [0x00000000eab00000, 0x00000000fb700000, 0x0000000100000000)
  eden space 111616K, 0% used [0x00000000eab00000,0x00000000eab00000,0x00000000f1800000)
  from space 28160K, 99% used [0x00000000f1800000,0x00000000f337c8b0,0x00000000f3380000)
  to   space 56832K, 0% used [0x00000000f7f80000,0x00000000f7f80000,0x00000000fb700000)
 ParOldGen       total 90112K, used 88637K [0x00000000c0000000, 0x00000000c5800000, 0x00000000eab00000)
  object space 90112K, 98% used [0x00000000c0000000,0x00000000c568f460,0x00000000c5800000)
 Metaspace       used 6073K, capacity 7000K, committed 7168K, reserved 1056768K
  class space    used 610K, capacity 656K, committed 768K, reserved 1048576K
}
Event: 33.575 GC heap before
{Heap before GC invocations=9 (full 2):
 PSYoungGen      total 139776K, used 28146K [0x00000000eab00000, 0x00000000fb700000, 0x0000000100000000)
  eden space 111616K, 0% used [0x00000000eab00000,0x00000000eab00000,0x00000000f1800000)
  from space 28160K, 99% used [0x00000000f1800000,0x00000000f337c8b0,0x00000000f3380000)
  to   space 56832K, 0% used [0x00000000f7f80000,0x00000000f7f80000,0x00000000fb700000)
 ParOldGen       total 90112K, used 88637K [0x00000000c0000000, 0x00000000c5800000, 0x00000000eab00000)
  object space 90112K, 98% used [0x00000000c0000000,0x00000000c568f460,0x00000000c5800000)
 Metaspace       used 6073K, capacity 7000K, committed 7168K, reserved 1056768K
  class space    used 610K, capacity 656K, committed 768K, reserved 1048576K
Event: 35.449 GC heap after
Heap after GC invocations=9 (full 2):
 PSYoungGen      total 139776K, used 20372K [0x00000000eab00000, 0x00000000fb700000, 0x0000000100000000)
  eden space 111616K, 0% used [0x00000000eab00000,0x00000000eab00000,0x00000000f1800000)
  from space 28160K, 72% used [0x00000000f1800000,0x00000000f2be53f8,0x00000000f3380000)
  to   space 56832K, 0% used [0x00000000f7f80000,0x00000000f7f80000,0x00000000fb700000)
 ParOldGen       total 173056K, used 89915K [0x00000000c0000000, 0x00000000ca900000, 0x00000000eab00000)
  object space 173056K, 51% used [0x00000000c0000000,0x00000000c57cec80,0x00000000ca900000)
 Metaspace       used 6073K, capacity 7000K, committed 7168K, reserved 1056768K
  class space    used 610K, capacity 656K, committed 768K, reserved 1048576K
}
Event: 35.943 GC heap before
{Heap before GC invocations=10 (full 2):
 PSYoungGen      total 139776K, used 131988K [0x00000000eab00000, 0x00000000fb700000, 0x0000000100000000)
  eden space 111616K, 100% used [0x00000000eab00000,0x00000000f1800000,0x00000000f1800000)
  from space 28160K, 72% used [0x00000000f1800000,0x00000000f2be53f8,0x00000000f3380000)
  to   space 56832K, 0% used [0x00000000f7f80000,0x00000000f7f80000,0x00000000fb700000)
 ParOldGen       total 173056K, used 89915K [0x00000000c0000000, 0x00000000ca900000, 0x00000000eab00000)
  object space 173056K, 51% used [0x00000000c0000000,0x00000000c57cec80,0x00000000ca900000)
 Metaspace       used 6073K, capacity 7000K, committed 7168K, reserved 1056768K
  class space    used 610K, capacity 656K, committed 768K, reserved 1048576K
Event: 36.303 GC heap after
Heap after GC invocations=10 (full 2):
 PSYoungGen      total 195072K, used 56807K [0x00000000eab00000, 0x00000000fcb00000, 0x0000000100000000)
  eden space 138240K, 0% used [0x00000000eab00000,0x00000000eab00000,0x00000000f3200000)
  from space 56832K, 99% used [0x00000000f7f80000,0x00000000fb6f9c28,0x00000000fb700000)
  to   space 78336K, 0% used [0x00000000f3200000,0x00000000f3200000,0x00000000f7e80000)
 ParOldGen       total 173056K, used 112531K [0x00000000c0000000, 0x00000000ca900000, 0x00000000eab00000)
  object space 173056K, 65% used [0x00000000c0000000,0x00000000c6de4c80,0x00000000ca900000)
 Metaspace       used 6073K, capacity 7000K, committed 7168K, reserved 1056768K
  class space    used 610K, capacity 656K, committed 768K, reserved 1048576K
}
Event: 36.817 GC heap before
{Heap before GC invocations=11 (full 2):
 PSYoungGen      total 195072K, used 195047K [0x00000000eab00000, 0x00000000fcb00000, 0x0000000100000000)
  eden space 138240K, 100% used [0x00000000eab00000,0x00000000f3200000,0x00000000f3200000)
  from space 56832K, 99% used [0x00000000f7f80000,0x00000000fb6f9c28,0x00000000fb700000)
  to   space 78336K, 0% used [0x00000000f3200000,0x00000000f3200000,0x00000000f7e80000)
 ParOldGen       total 173056K, used 112531K [0x00000000c0000000, 0x00000000ca900000, 0x00000000eab00000)
  object space 173056K, 65% used [0x00000000c0000000,0x00000000c6de4c80,0x00000000ca900000)
 Metaspace       used 6074K, capacity 7000K, committed 7168K, reserved 1056768K
  class space    used 610K, capacity 656K, committed 768K, reserved 1048576K
Event: 37.178 GC heap after
Heap after GC invocations=11 (full 2):
 PSYoungGen      total 216576K, used 78314K [0x00000000eab00000, 0x0000000100000000, 0x0000000100000000)
  eden space 138240K, 0% used [0x00000000eab00000,0x00000000eab00000,0x00000000f3200000)
  from space 78336K, 99% used [0x00000000f3200000,0x00000000f7e7a9e0,0x00000000f7e80000)
  to   space 108544K, 0% used [0x00000000f9600000,0x00000000f9600000,0x0000000100000000)
 ParOldGen       total 173056K, used 149715K [0x00000000c0000000, 0x00000000ca900000, 0x00000000eab00000)
  object space 173056K, 86% used [0x00000000c0000000,0x00000000c9234e40,0x00000000ca900000)
 Metaspace       used 6074K, capacity 7000K, committed 7168K, reserved 1056768K
  class space    used 610K, capacity 656K, committed 768K, reserved 1048576K
}
Event: 37.178 GC heap before
{Heap before GC invocations=12 (full 3):
 PSYoungGen      total 216576K, used 78314K [0x00000000eab00000, 0x0000000100000000, 0x0000000100000000)
  eden space 138240K, 0% used [0x00000000eab00000,0x00000000eab00000,0x00000000f3200000)
  from space 78336K, 99% used [0x00000000f3200000,0x00000000f7e7a9e0,0x00000000f7e80000)
  to   space 108544K, 0% used [0x00000000f9600000,0x00000000f9600000,0x0000000100000000)
 ParOldGen       total 173056K, used 149715K [0x00000000c0000000, 0x00000000ca900000, 0x00000000eab00000)
  object space 173056K, 86% used [0x00000000c0000000,0x00000000c9234e40,0x00000000ca900000)
 Metaspace       used 6074K, capacity 7000K, committed 7168K, reserved 1056768K
  class space    used 610K, capacity 656K, committed 768K, reserved 1048576K

